<?xml version="1.0" encoding="UTF-8"?>
<!-- Generated by org.testng.reporters.JUnitXMLReporter -->
<testsuite hostname="MY-DELL-03" ignored="0" name="HybridFramework with pom dd" tests="7" failures="0" timestamp="19 Dec 2021 06:56:55 GMT" time="101.64" errors="0">
  <testcase name="StartMainPageTitle" time="0.046" classname="com.crm.qa.testcases.StartMainPageTest"/>
  <testcase name="loginpagetitle" time="0.02" classname="com.crm.qa.testcases.LoginPageTest"/>
  <testcase name="Logocheck" time="0.105" classname="com.crm.qa.testcases.StartMainPageTest"/>
  <testcase name="Logocheck" time="0.08" classname="com.crm.qa.testcases.LoginPageTest"/>
  <testcase name="siginbtnclick" time="2.511" classname="com.crm.qa.testcases.StartMainPageTest"/>
  <testcase name="successfullogin" time="2.287" classname="com.crm.qa.testcases.LoginPageTest"/>
  <testcase name="accountcreation" time="0.26" classname="com.crm.qa.testcases.LoginPageTest"/>
</testsuite> <!-- HybridFramework with pom dd -->
